2024-12-16 22:07:15,108 - INFO - Client started.
2024-12-16 22:07:16,054 - INFO - Starting download of arya.gif...
2024-12-16 22:07:16,054 - INFO - Downloading arya.gif part 1: start=0, end=926986
2024-12-16 22:07:16,054 - INFO - Downloading arya.gif part 2: start=926986, end=1853972
2024-12-16 22:07:16,054 - INFO - Downloading arya.gif part 3: start=1853972, end=2780958
2024-12-16 22:07:16,054 - INFO - Downloading arya.gif part 4: start=2780958, end=3707944
2024-12-16 22:07:16,146 - INFO - Starting download of background.jpg...
2024-12-16 22:07:16,146 - INFO - Downloading background.jpg part 1: start=0, end=1148154
2024-12-16 22:07:16,146 - INFO - Downloading background.jpg part 2: start=1148154, end=2296308
2024-12-16 22:07:16,146 - INFO - Downloading background.jpg part 3: start=2296308, end=3444462
2024-12-16 22:07:16,146 - INFO - Downloading background.jpg part 4: start=3444462, end=4592619
2024-12-16 22:23:00,852 - INFO - Client started.
2024-12-16 22:23:04,100 - INFO - Starting download of arya.gif...
2024-12-16 22:23:04,100 - INFO - Downloading arya.gif part 1: start=0, end=926986
2024-12-16 22:23:04,101 - INFO - Downloading arya.gif part 2: start=926986, end=1853972
2024-12-16 22:23:04,101 - INFO - Downloading arya.gif part 3: start=1853972, end=2780958
2024-12-16 22:23:04,101 - INFO - Downloading arya.gif part 4: start=2780958, end=3707944
2024-12-16 22:23:52,396 - INFO - Client started.
2024-12-16 22:23:53,177 - INFO - Starting download of arya.gif...
2024-12-16 22:23:53,178 - INFO - Downloading arya.gif part 1: start=0, end=926986
2024-12-16 22:23:53,178 - INFO - Downloading arya.gif part 2: start=926986, end=1853972
2024-12-16 22:23:53,178 - INFO - Downloading arya.gif part 3: start=1853972, end=2780958
2024-12-16 22:23:53,178 - INFO - Downloading arya.gif part 4: start=2780958, end=3707944
2024-12-16 22:27:23,944 - INFO - Client started.
2024-12-16 22:27:24,451 - INFO - Starting download of arya.gif...
2024-12-16 22:27:24,451 - INFO - Downloading arya.gif part 1: start=0, end=926986
2024-12-16 22:27:24,452 - INFO - Downloading arya.gif part 2: start=926986, end=1853972
2024-12-16 22:27:24,452 - INFO - Downloading arya.gif part 3: start=1853972, end=2780958
2024-12-16 22:27:24,452 - INFO - Downloading arya.gif part 4: start=2780958, end=3707944
2024-12-16 22:27:57,564 - INFO - Client started.
2024-12-16 22:28:11,513 - INFO - Client started.
2024-12-16 22:28:12,482 - INFO - Starting download of arya.gif...
2024-12-16 22:28:12,483 - INFO - Downloading arya.gif part 1: start=0, end=926986
2024-12-16 22:28:12,483 - INFO - Downloading arya.gif part 2: start=926986, end=1853972
2024-12-16 22:28:12,483 - INFO - Downloading arya.gif part 3: start=1853972, end=2780958
2024-12-16 22:28:12,483 - INFO - Downloading arya.gif part 4: start=2780958, end=3707944
2024-12-16 22:28:12,584 - INFO - Starting download of background.jpg...
2024-12-16 22:28:12,584 - INFO - Downloading background.jpg part 1: start=0, end=1148154
2024-12-16 22:28:12,584 - INFO - Downloading background.jpg part 2: start=1148154, end=2296308
2024-12-16 22:28:12,584 - INFO - Downloading background.jpg part 3: start=2296308, end=3444462
2024-12-16 22:28:12,584 - INFO - Downloading background.jpg part 4: start=3444462, end=4592619
